DIGGING YIELD REPORT : [2021-11-12 10:06:17]
------------
ZONES
------------
	Yhoator_Jungle
------------
METRICS
------------
	lost: 0
	breaks: 0
	yields: 477
	attempts: 675
	Success Rate: 70.67%
	Time Passed: 01:05:39
	Estimated Value: 210298
	Yields per Hour: 435.95
	Value per Hour: 192199.24
	Target Value: 0
	Target Reached: Yes
------------
YIELDS
------------
	Mahogany Log: 21 @3927ea.=(82467)
	Ebony Log: 29 @2169ea.=(62901)
	Lauan Log: 111 @9ea.=(999)
	Petrified Log: 15 @2429ea.=(36435)
	Bone Chip: 136 @18ea.=(2448)
	Dryad Root: 46 @235ea.=(10810)
	Kazham Pineapple: 84 @15ea.=(1260)
	Coral Fungus: 28 @151ea.=(4228)
	Reishi Mushroom: 7 @1250ea.=(8750)
