DIGGING YIELD REPORT : [2021-11-12 08:44:30]
------------
ZONES
------------
	Yhoator_Jungle
------------
METRICS
------------
	lost: 0
	attempts: 527
	yields: 215
	breaks: 0
	Success Rate: 40.80%
	Time Passed: 00:00:00
	Estimated Value: 89147
	Yields per Hour: 64500.00
	Value per Hour: 26744100.00
	Target Value: 0
	Target Reached: Yes
------------
YIELDS
------------
	Mahogany Log: 8 @3927ea.=(31416)
	Ebony Log: 13 @2169ea.=(28197)
	Lauan Log: 43 @9ea.=(387)
	Petrified Log: 5 @2429ea.=(12145)
	Bone Chip: 62 @18ea.=(1116)
	Dryad Root: 26 @235ea.=(6110)
	Kazham Pineapple: 41 @15ea.=(615)
	Coral Fungus: 11 @151ea.=(1661)
	Reishi Mushroom: 6 @1250ea.=(7500)
