DIGGING YIELD REPORT : [2021-11-12 09:17:49]
------------
ZONES
------------
	Yhoator_Jungle
------------
METRICS
------------
	lost: 0
	breaks: 0
	yields: 242
	attempts: 345
	Success Rate: 70.14%
	Time Passed: 00:33:15
	Estimated Value: 114291
	Yields per Hour: 436.69
	Value per Hour: 206239.40
	Target Value: 0
	Target Reached: Yes
------------
YIELDS
------------
	Mahogany Log: 13 @3927ea.=(51051)
	Ebony Log: 16 @2169ea.=(34704)
	Lauan Log: 64 @9ea.=(576)
	Petrified Log: 7 @2429ea.=(17003)
	Bone Chip: 63 @18ea.=(1134)
	Dryad Root: 20 @235ea.=(4700)
	Kazham Pineapple: 44 @15ea.=(660)
	Coral Fungus: 13 @151ea.=(1963)
	Reishi Mushroom: 2 @1250ea.=(2500)
