DIGGING YIELD REPORT : [2021-11-11 14:55:20]
------------
ZONES
------------
	Yhoator_Jungle
------------
METRICS
------------
	lost: 0
	breaks: 0
	yields: 212
	attempts: 524
	Success Rate: 40.46%
	Time Passed: 00:45:12
	Estimated Value: 67831
	Yields per Hour: 281.42
	Value per Hour: 90041.15
	Target Value: 0
	Target Reached: Yes
------------
YIELDS
------------
	Mahogany Log: 7 @3927ea.=(27489)
	Ebony Log: 13 @2169ea.=(28197)
	Lauan Log: 43 @0ea.=(0)
	Petrified Log: 5 @2429ea.=(12145)
	Bone Chip: 60 @0ea.=(0)
	Reishi Mushroom: 6 @0ea.=(0)
	Kazham Pineapple: 41 @0ea.=(0)
	Coral Fungus: 11 @0ea.=(0)
	Dryad Root: 26 @0ea.=(0)
