FISHING YIELD REPORT : [2023-01-19 11:12:37]
------------
ZONES
------------
	West Sarutabaruta
	Al Zahbi
------------
METRICS
------------
	lost: 6
	attempts: 263
	yields: 208
	breaks: 0
	Success Rate: 79.09%
	Time Passed: 05:30:48
	Estimated Value: 1231
	Yields per Hour: 37.73
	Value per Hour: 223.28
	Target Value: 0
	Target Reached: Yes
------------
YIELDS
------------
	Monster: 1 @0ea.=(0)
	Rusty Subligar: 8 @5ea.=(40)
	Rusty Bucket: 13 @51ea.=(663)
	Rusty Leggings: 6 @2ea.=(12)
	Giant Catfish: 1 @2ea.=(2)
	Pamtam Kelp: 26 @8ea.=(208)
	Ogre Eel: 153 @2ea.=(306)
