FISHING YIELD REPORT : [2023-02-09 11:05:16]
------------
ZONES
------------
	West Sarutabaruta
	Al Zahbi
------------
METRICS
------------
	lost: 7
	attempts: 303
	yields: 239
	breaks: 0
	Success Rate: 78.88%
	Time Passed: 06:06:37
	Estimated Value: 1548
	Yields per Hour: 39.11
	Value per Hour: 253.34
	Target Value: 0
	Target Reached: Yes
------------
YIELDS
------------
	Monster: 2 @0ea.=(0)
	Rusty Subligar: 8 @5ea.=(40)
	Rusty Bucket: 18 @51ea.=(918)
	Rusty Leggings: 7 @2ea.=(14)
	Giant Catfish: 1 @2ea.=(2)
	Pamtam Kelp: 28 @8ea.=(224)
	Ogre Eel: 175 @2ea.=(350)
