FISHING YIELD REPORT : [2023-01-03 22:27:50]
------------
ZONES
------------
	West_Sarutabaruta
------------
METRICS
------------
	lost: 3
	attempts: 51
	yields: 38
	breaks: 0
	Success Rate: 74.51%
	Time Passed: 01:15:24
	Estimated Value: 280
	Yields per Hour: 30.24
	Value per Hour: 222.81
	Target Value: 0
	Target Reached: Yes
------------
YIELDS
------------
	Rusty Subligar: 1 @5ea.=(5)
	Rusty Bucket: 3 @51ea.=(153)
	Rusty Leggings: 1 @2ea.=(2)
	Pamtam Kelp: 9 @8ea.=(72)
	Ogre Eel: 24 @2ea.=(48)
