FISHING YIELD REPORT : [2023-01-11 23:21:06]
------------
ZONES
------------
	West_Sarutabaruta
------------
METRICS
------------
	lost: 4
	attempts: 140
	yields: 116
	breaks: 0
	Success Rate: 82.86%
	Time Passed: 02:41:00
	Estimated Value: 733
	Yields per Hour: 43.23
	Value per Hour: 273.17
	Target Value: 0
	Target Reached: Yes
------------
YIELDS
------------
	Monster: 1 @0ea.=(0)
	Rusty Subligar: 5 @5ea.=(25)
	Rusty Bucket: 8 @51ea.=(408)
	Rusty Leggings: 4 @2ea.=(8)
	Giant Catfish: 1 @2ea.=(2)
	Ogre Eel: 81 @2ea.=(162)
	Pamtam Kelp: 16 @8ea.=(128)
