FISHING YIELD REPORT : [2023-01-12 21:34:17]
------------
ZONES
------------
	West_Sarutabaruta
------------
METRICS
------------
	lost: 6
	attempts: 205
	yields: 165
	breaks: 0
	Success Rate: 80.49%
	Time Passed: 04:45:50
	Estimated Value: 959
	Yields per Hour: 34.64
	Value per Hour: 201.31
	Target Value: 0
	Target Reached: Yes
------------
YIELDS
------------
	Monster: 1 @0ea.=(0)
	Rusty Subligar: 7 @5ea.=(35)
	Rusty Bucket: 10 @51ea.=(510)
	Rusty Leggings: 5 @2ea.=(10)
	Giant Catfish: 1 @2ea.=(2)
	Pamtam Kelp: 20 @8ea.=(160)
	Ogre Eel: 121 @2ea.=(242)
