FISHING YIELD REPORT : [2023-01-11 23:15:48]
------------
ZONES
------------
	West_Sarutabaruta
------------
METRICS
------------
	lost: 4
	attempts: 139
	yields: 115
	breaks: 0
	Success Rate: 82.73%
	Time Passed: 02:39:55
	Estimated Value: 731
	Yields per Hour: 43.15
	Value per Hour: 274.27
	Target Value: 0
	Target Reached: Yes
------------
YIELDS
------------
	Monster: 1 @0ea.=(0)
	Rusty Subligar: 5 @5ea.=(25)
	Rusty Bucket: 8 @51ea.=(408)
	Rusty Leggings: 4 @2ea.=(8)
	Ogre Eel: 81 @2ea.=(162)
	Pamtam Kelp: 16 @8ea.=(128)
