FISHING YIELD REPORT : [2023-01-11 22:39:50]
------------
ZONES
------------
	West_Sarutabaruta
------------
METRICS
------------
	lost: 4
	attempts: 95
	yields: 77
	breaks: 0
	Success Rate: 81.05%
	Time Passed: 02:06:31
	Estimated Value: 474
	Yields per Hour: 36.52
	Value per Hour: 224.79
	Target Value: 0
	Target Reached: Yes
------------
YIELDS
------------
	Rusty Subligar: 3 @5ea.=(15)
	Rusty Bucket: 5 @51ea.=(255)
	Rusty Leggings: 4 @2ea.=(8)
	Ogre Eel: 54 @2ea.=(108)
	Pamtam Kelp: 11 @8ea.=(88)
